Sender: LSF System <zlsfadmin@node532>
Subject: Job 145018: </Share/home/zhangqf5/anaconda2/bin/python Kethseq_icshape_18S_diff_AUC.py> in cluster <zcluster> Done

Job </Share/home/zhangqf5/anaconda2/bin/python Kethseq_icshape_18S_diff_AUC.py> was submitted from host <zio01> by user <zhangqf5> in cluster <zcluster>.
Job was executed on host(s) <node532>, in queue <Z-ZQF>, as user <zhangqf5> in cluster <zcluster>.
</Share2/home/zhangqf5> was used as the home directory.
</Share2/home/zhangqf5/gongjing/Kethoxal_RNA_structure/Keth-seq/scipts> was used as the working directory.
Started at Mon Nov 25 15:32:17 2019
Results reported on Mon Nov 25 15:32:23 2019

Your job looked like:

------------------------------------------------------------
# LSBATCH: User input
/Share/home/zhangqf5/anaconda2/bin/python Kethseq_icshape_18S_diff_AUC.py
------------------------------------------------------------

Successfully completed.

Resource usage summary:

    CPU time :                                   8.21 sec.
    Total Requested Memory :                     -
    Delta Memory :                               -

The output (if any) follows:

original 1869
converted 1 1869
converted 2 1870
..(((((...(((.)))).).((((((((((.(((((((((.....(((.(((..((...(((....((..........))...)))))......(((......((((..((..((....(((..................((((....(((((((.....))))))).....)))).......((((...((((((......))))))...))))....((((((.......(((((.((((...((((.((((((((....))))))))..)))).))))....)))))......))))))...........((((.((((......))))))))....)))...))))..))))(((..(.(((....((((((((.......))))))))))).....))))...((((((((....))))...))))))).((((((..........)))))).((((....))))...)))))).).....(.(((...(((((...))))).)))).)).))))))....(((((((((.(((....)))..)))))).)))......(((.(((.......)))).)).........(((((((((....((((.....((.))))).......)))))))))).))))))))))..........(((((.....((((...(((.......(((.(((((((((((((.((((....))))....))))))))..)))))))).......((((.(((((...(((((((......)))))))....)))))))))................................................................................................................................(((((((((..(((((((((..((((((((...(((......)))......))))))))..))....(..((....)))))))))).))))).))))...)))...))))....((((((...((...((((.........))))...))))))))..........((((((.(((..((((((((.(((((....)))))))))))))..)))...((..))))...)))....))).)))..(((.....((((....))))....)))...)))..(((((.(((((((..((..((((((((((((((((....((((........))))........(((((((....(((((........((((((........))))))......)))))...((.((((..(((((((((...(((((((((....)))..((((......))))..)))))).....((((.(((.((((..((((....(((..((((....)))).)))....))))..)))))))..((((((((.....))))))))....))))...)))).)))...).))))))).....)))))))...)).))))))).))...(((((((.....(((.......((..((((....))))..)).....))).....)))))))......(...((((((((........))))))))...).....))))).....((((((((.......))))))))......))...)))))))))).))....((.((.(.((((((((.((.((((((((((((..(((((((((((((((.((((((((((((.....))))))))))))...)))))))))))))))..))))))))))))).)))))))))..).))..))....((((((((((....))))))))))......... 1870
original 1869
converted 1870
plot: 0, kethoxal
plot: 1, icshape2_panpan
plot: 0, kethoxal
plot: 1, icshape2_panpan


PS:

Read file <run.err> for stderr output of this job.

